<?xml version="1.0" encoding="UTF-8"?>
<testng-results ignored="0" total="1" passed="1" failed="0" skipped="0">
  <reporter-output>
    <line>
      <![CDATA[Launch Browser... http://20.98.238.226/#/login]]>
    </line>
  </reporter-output>
  <suite started-at="2021-11-28T21:09:39Z" name="Default suite" finished-at="2021-11-28T21:09:57Z" duration-ms="18273">
    <groups>
    </groups>
    <test started-at="2021-11-28T21:09:39Z" name="Default test" finished-at="2021-11-28T21:09:57Z" duration-ms="18273">
      <class name="com.Alta.AltaGiru">
        <test-method is-config="true" signature="beforeTest()[pri:0, instance:com.Alta.AltaGiru@5b67bb7e]" started-at="2021-11-28T21:09:39Z" name="beforeTest" finished-at="2021-11-28T21:09:40Z" duration-ms="933" status="PASS">
          <reporter-output>
          </reporter-output>
        </test-method> <!-- beforeTest -->
        <test-method signature="tc001()[pri:0, instance:com.Alta.AltaGiru@5b67bb7e]" started-at="2021-11-28T21:09:40Z" name="tc001" finished-at="2021-11-28T21:09:57Z" duration-ms="17331" status="PASS">
          <reporter-output>
            <line>
              <![CDATA[Launch Browser... http://20.98.238.226/#/login]]>
            </line>
          </reporter-output>
        </test-method> <!-- tc001 -->
        <test-method is-config="true" signature="afterTest()[pri:0, instance:com.Alta.AltaGiru@5b67bb7e]" started-at="2021-11-28T21:09:57Z" name="afterTest" finished-at="2021-11-28T21:09:57Z" duration-ms="0" status="PASS">
          <reporter-output>
          </reporter-output>
        </test-method> <!-- afterTest -->
      </class> <!-- com.Alta.AltaGiru -->
    </test> <!-- Default test -->
  </suite> <!-- Default suite -->
</testng-results>
