<?xml version="1.0" encoding="UTF-8"?>
<testng-results ignored="0" total="1" passed="1" failed="0" skipped="0">
  <reporter-output>
  </reporter-output>
  <suite started-at="2021-11-02T02:16:13Z" name="Default suite" finished-at="2021-11-02T02:16:20Z" duration-ms="6393">
    <groups>
    </groups>
    <test started-at="2021-11-02T02:16:13Z" name="Default test" finished-at="2021-11-02T02:16:20Z" duration-ms="6393">
      <class name="com.google.googleTest">
        <test-method signature="f()[pri:0, instance:com.google.googleTest@44c73c26]" started-at="2021-11-02T02:16:13Z" name="f" finished-at="2021-11-02T02:16:20Z" duration-ms="6378" status="PASS">
          <reporter-output>
          </reporter-output>
        </test-method> <!-- f -->
      </class> <!-- com.google.googleTest -->
    </test> <!-- Default test -->
  </suite> <!-- Default suite -->
</testng-results>
