<?xml version="1.0" encoding="UTF-8"?>
<testng-results ignored="0" total="1" passed="1" failed="0" skipped="0">
  <reporter-output>
    <line>
      <![CDATA[Launch Browser... https://opensource-demo.orangehrmlive.com]]>
    </line>
    <line>
      <![CDATA[Login Successfully]]>
    </line>
    <line>
      <![CDATA[Validación de login invalido]]>
    </line>
  </reporter-output>
  <suite started-at="2021-12-03T02:44:39Z" name="Default suite" finished-at="2021-12-03T02:44:49Z" duration-ms="9997">
    <groups>
    </groups>
    <test started-at="2021-12-03T02:44:39Z" name="Default test" finished-at="2021-12-03T02:44:49Z" duration-ms="9997">
      <class name="com.opensource.qa.TC002_Validate_Invalid_Password">
        <test-method is-config="true" signature="beforeTest()[pri:0, instance:com.opensource.qa.TC002_Validate_Invalid_Password@5b67bb7e]" started-at="2021-12-03T02:44:39Z" name="beforeTest" finished-at="2021-12-03T02:44:41Z" duration-ms="1463" status="PASS">
          <reporter-output>
          </reporter-output>
        </test-method> <!-- beforeTest -->
        <test-method signature="tc002()[pri:0, instance:com.opensource.qa.TC002_Validate_Invalid_Password@5b67bb7e]" started-at="2021-12-03T02:44:41Z" name="tc002" finished-at="2021-12-03T02:44:49Z" duration-ms="8490" status="PASS">
          <reporter-output>
            <line>
              <![CDATA[Launch Browser... https://opensource-demo.orangehrmlive.com]]>
            </line>
            <line>
              <![CDATA[Login Successfully]]>
            </line>
            <line>
              <![CDATA[Validación de login invalido]]>
            </line>
          </reporter-output>
        </test-method> <!-- tc002 -->
        <test-method is-config="true" signature="afterTest()[pri:0, instance:com.opensource.qa.TC002_Validate_Invalid_Password@5b67bb7e]" started-at="2021-12-03T02:44:49Z" name="afterTest" finished-at="2021-12-03T02:44:49Z" duration-ms="32" status="PASS">
          <reporter-output>
          </reporter-output>
        </test-method> <!-- afterTest -->
      </class> <!-- com.opensource.qa.TC002_Validate_Invalid_Password -->
    </test> <!-- Default test -->
  </suite> <!-- Default suite -->
</testng-results>
